>name Chernozermel'skiy rayon
>>outer OuterBoundary:
45.7095 44.9896
45.6739 45.02
45.6348 45.0531
45.5995 45.096
45.5752 45.1284
45.4985 45.1701
45.5106 45.1861
45.5456 45.2387
45.5396 45.254
45.4572 45.2806
45.4182 45.3108
45.4456 45.3479
45.4775 45.3925
45.5119 45.4575
45.5138 45.4936
45.4649 45.514
45.4023 45.5342
45.4357 45.589
45.4781 45.68
45.5053 45.7555
45.4848 45.8022
45.4095 45.8201
45.3933 45.9738
45.4727 45.9637
45.6103 45.9538
45.7006 45.9254
45.7702 45.9596
45.806 45.9231
45.8928 45.8972
45.9723 45.8713
46.0962 45.8921
46.158 45.9051
46.2081 45.8686
46.3421 45.8657
46.3825 45.9046
46.429 45.8758
46.6312 45.9008
46.572 46.0133
46.5509 46.0709
46.5548 46.1101
46.6092 46.1701
46.6346 46.204
46.6058 46.2305
46.5334 46.2836
46.6191 46.3039
46.6057 46.2831
46.6815 46.2536
46.7462 46.2267
46.8038 46.2262
46.8611 46.2203
46.9038 46.1779
46.9107 46.1464
46.8923 46.1075
46.9098 46.0733
46.9523 46.052
46.9845 46.0542
47.0419 46.0691
47.1316 46.091
47.2319 46.0942
47.2641 46.0542
47.2423 46.0076
47.1842 45.9566
47.1478 45.9104
47.1254 45.8588
47.0807 45.7764
47.0247 45.697
46.9704 45.6269
46.8941 45.5713
46.8446 45.4815
46.8253 45.3774
46.8199 45.2117
46.8009 45.1079
46.7563 45.0139
46.745 44.9612
46.7852 44.9358
46.7755 44.8771
46.7243 44.8632
46.6669 44.8173
46.6148 44.8395
46.5523 44.8509
46.5069 44.8848
46.4456 44.9277
46.3855 44.9511
46.273 44.9603
46.1402 44.9795
46.0439 44.9872
45.9816 44.9941
45.8939 45.0085
45.8284 45.0157
45.7873 45.0117
45.7346 44.9912
45.7095 44.9896
>name Elista
>>outer OuterBoundary:
44.3908 46.3876
44.3365 46.2847
44.2164 46.2877
44.1882 46.3886
44.3354 46.4007
44.3908 46.3876
>name Gorodovikovskiy rayon
>>outer OuterBoundary:
42.0564 45.9546
42.0369 45.97
41.9967 45.992
41.9641 45.9986
41.895 46.0072
41.8026 46.0096
41.7227 46.0101
41.7407 46.0497
41.728 46.0776
41.6838 46.1227
41.6634 46.1544
41.7002 46.1905
41.7461 46.2114
41.7833 46.2119
41.8329 46.1781
41.8822 46.169
41.9504 46.1994
41.9835 46.2215
41.9924 46.2482
41.9654 46.2732
41.9715 46.3131
42.0311 46.3407
42.0682 46.3491
42.1295 46.3319
42.1892 46.3282
42.1774 46.2931
42.1486 46.2765
42.1397 46.2351
42.1693 46.23
42.2038 46.1946
42.2159 46.1645
42.2219 46.1363
42.1975 46.1338
42.1861 46.0973
42.2257 46.0622
42.2062 46.047
42.1653 46.0221
42.1704 45.9846
42.1849 45.9466
42.1456 45.9354
42.0955 45.9366
42.0688 45.9441
42.0564 45.9546
>name Iki-Burul'skiy rayon
>>outer OuterBoundary:
44.9496 45.3532
44.9169 45.3731
44.9025 45.4033
44.8716 45.4131
44.8171 45.4212
44.7408 45.4327
44.6688 45.438
44.5933 45.4516
44.5117 45.4675
44.4315 45.4983
44.3761 45.5278
44.3474 45.5493
44.3139 45.5746
44.2541 45.6233
44.215 45.6599
44.1796 45.6992
44.1573 45.729
44.1408 45.7674
44.1147 45.8237
44.0844 45.8526
44.0474 45.8767
44.0144 45.8859
44.0693 45.9655
44.1401 46.0209
44.1068 46.0531
44.1471 46.0805
44.191 46.0807
44.1774 46.1344
44.1797 46.1827
44.193 46.2994
44.2596 46.2545
44.2763 46.228
44.2322 46.1774
44.2535 46.1481
44.3375 46.1563
44.4155 46.1486
44.5168 46.1144
44.6294 46.1281
44.7273 46.152
44.8523 46.1313
44.8979 46.0424
44.9114 45.9453
44.9767 45.9037
45.1588 45.9702
45.2557 45.9002
45.2121 45.8166
45.2547 45.7959
45.4095 45.8201
45.4848 45.8022
45.5053 45.7555
45.4781 45.68
45.4357 45.589
45.4023 45.5342
45.4649 45.514
45.5138 45.4936
45.5119 45.4575
45.4775 45.3925
45.4456 45.3479
45.4182 45.3108
45.4572 45.2806
45.5396 45.254
45.5456 45.2387
45.5106 45.1861
45.4985 45.1701
45.459 45.187
45.4068 45.2047
45.2982 45.2411
45.2095 45.2711
45.0974 45.3141
45.0125 45.3402
44.9496 45.3532
>name Ketchenerovskiy rayon
>>outer OuterBoundary:
45.355 47.2218
45.3381 47.1621
45.3211 47.1075
45.2972 47.0372
45.2953 46.9723
45.2747 46.915
45.2606 46.8889
45.2285 46.8497
45.0954 46.8543
45.0481 46.7033
44.9581 46.7395
44.9259 46.7004
44.704 46.7603
44.7499 46.8356
44.7781 46.8823
44.6812 46.8668
44.5303 46.8723
44.4052 46.8805
44.291 46.9108
44.2992 46.928
44.2881 46.959
44.2826 46.9867
44.2922 47.0297
44.3193 47.0653
44.3442 47.1101
44.3601 47.1725
44.367 47.2607
44.3832 47.3451
44.3713 47.4
44.4238 47.4291
44.4877 47.4471
44.5734 47.4907
44.6193 47.4806
44.6971 47.4245
44.7159 47.4271
44.7965 47.4993
44.8061 47.548
44.8462 47.5918
44.8876 47.5946
44.913 47.6281
45.0305 47.6008
45.1406 47.5581
45.2577 47.5154
45.3257 47.4799
45.4267 47.4526
45.4534 47.4193
45.4329 47.3519
45.3787 47.3023
45.3575 47.2659
45.34 47.2321
45.355 47.2218
>name Laganskiy rayon
>>outer OuterBoundary:
46.6669 44.8173
46.7243 44.8632
46.7755 44.8771
46.7852 44.9358
46.745 44.9612
46.7563 45.0139
46.8009 45.1079
46.8199 45.2117
46.8253 45.3774
46.8446 45.4815
46.8941 45.5713
46.9944 45.5729
47.0873 45.5785
47.1958 45.5662
47.2405 45.5722
47.2734 45.5935
47.3737 45.6144
47.457 45.6009
47.521 45.5875
47.5742 45.5899
47.5872 45.5711
47.5611 45.5599
47.5094 45.5461
47.5011 45.4981
47.5444 45.4596
47.5815 45.4452
47.5944 45.4401
47.5831 45.3948
47.5737 45.3475
47.5395 45.288
47.5464 45.2057
47.5129 45.1028
47.4763 45.1059
47.4199 45.1661
47.378 45.2146
47.3645 45.2037
47.3788 45.1678
47.4312 45.0849
47.3763 45.0673
47.3962 45.0205
47.3186 44.9408
47.2814 44.9642
47.2591 44.9557
47.2272 44.8918
47.1777 44.842
47.1158 44.7884
47.0775 44.808
47.0482 44.8469
47.0306 44.8325
46.994 44.7983
46.974 44.7887
46.9591 44.824
46.8969 44.8346
46.8375 44.8043
46.7936 44.7957
46.7495 44.7922
46.708 44.8074
46.6669 44.8173
>name Maloderbetovskiy rayon
>>outer OuterBoundary:
44.913 47.6281
44.9301 47.6819
44.9169 47.7506
44.8812 47.8139
44.8395 47.8161
44.7839 47.7775
44.7608 47.7875
44.7678 47.8129
44.7705 47.8509
44.6413 47.8699
44.4586 47.9031
44.5144 47.9565
44.5475 48.0045
44.5091 48.0291
44.4481 48.0433
44.3488 48.0718
44.3561 48.0869
44.3633 48.1119
44.3672 48.1253
44.3742 48.1493
44.404 48.1896
44.4492 48.2103
44.4948 48.2111
44.5632 48.1973
44.6356 48.176
44.6174 48.1282
44.6069 48.0755
44.6415 48.0484
44.6945 48.0542
44.7885 48.0931
44.8382 48.0561
44.9176 48.0597
44.9814 48.0832
44.9773 48.1108
44.943 48.1329
44.9691 48.1659
45.0596 48.1672
45.1391 48.1458
45.1997 48.1164
45.26 48.1071
45.2938 48.1101
45.3311 48.1308
45.4141 48.0965
45.4746 48.0568
45.5199 48.022
45.58 47.9974
45.6172 48.008
45.673 48.0215
45.7662 47.9999
45.785 47.9621
45.7853 47.9316
45.6148 47.8936
45.5441 47.8901
45.4985 47.9455
45.4567 47.9932
45.3291 48.0017
45.186 48.0202
45.2247 47.9599
45.2252 47.9294
45.1773 47.8806
45.1481 47.8395
45.1793 47.794
45.1989 47.7559
45.1333 47.6836
45.0818 47.6422
45.0305 47.6008
44.913 47.6281
>name Oktyabr'skiy
>>outer OuterBoundary:
45.0305 47.6008
45.0818 47.6422
45.1333 47.6836
45.1989 47.7559
45.1793 47.794
45.1481 47.8395
45.1773 47.8806
45.2252 47.9294
45.2247 47.9599
45.186 48.0202
45.3291 48.0017
45.4567 47.9932
45.4985 47.9455
45.5441 47.8901
45.6148 47.8936
45.7853 47.9316
45.7411 47.8852
45.7528 47.8369
45.8159 47.8097
45.8421 47.7718
45.8868 47.7161
45.9568 47.684
45.9791 47.6432
46.0233 47.608
46.0832 47.5743
45.9877 47.5249
45.9044 47.4796
45.8354 47.4501
45.8882 47.337
45.8092 47.2736
45.8393 47.2272
45.7046 47.2073
45.5029 47.2077
45.4402 47.2096
45.355 47.2218
45.34 47.2321
45.3575 47.2659
45.3787 47.3023
45.4329 47.3519
45.4534 47.4193
45.4267 47.4526
45.3257 47.4799
45.2577 47.5154
45.1406 47.5581
45.0305 47.6008
>name Priyutnenskiy rayon
>>outer OuterBoundary:
42.9901 46.3959
43.0555 46.3635
43.0968 46.3409
43.1414 46.3131
43.1806 46.2857
43.2674 46.2288
43.3434 46.178
43.4249 46.1538
43.5103 46.1431
43.5757 46.1425
43.6448 46.1568
43.6836 46.1896
43.713 46.2308
43.7239 46.2746
43.7291 46.2983
43.7532 46.3229
43.774 46.3559
43.7863 46.3957
43.8247 46.3769
43.8573 46.3553
43.8665 46.3324
43.867 46.3119
43.8619 46.2824
43.8369 46.2179
43.9206 46.1624
44.0102 46.231
44.0299 46.2229
44.1774 46.31
44.193 46.2994
44.1797 46.1827
44.1774 46.1344
44.191 46.0807
44.1471 46.0805
44.1068 46.0531
44.1401 46.0209
44.0693 45.9655
44.0144 45.8859
44.004 45.8887
43.9378 45.9118
43.8095 45.9435
43.73 45.9623
43.6577 45.9588
43.5803 45.961
43.4937 45.979
43.4457 46.0066
43.408 46.0353
43.3659 46.0666
43.2533 46.1072
43.1253 46.1332
43.0427 46.1585
43.0103 46.179
42.9976 46.1977
42.9739 46.218
42.9452 46.2259
42.9379 46.2227
42.9265 46.2446
42.8833 46.277
42.8179 46.2993
42.7475 46.3427
42.7922 46.3623
42.8395 46.3767
42.8888 46.3883
42.94 46.3989
42.9901 46.3959
>name Sarpinskiy rayon
>>outer OuterBoundary:
44.3713 47.4
44.3732 47.4434
44.3544 47.4696
44.3277 47.483
44.2945 47.485
44.2604 47.4899
44.2803 47.5145
44.2874 47.5284
44.2524 47.5465
44.2054 47.5387
44.1732 47.5232
44.168 47.4814
44.17 47.4364
44.0975 47.4258
44.0357 47.4109
43.9973 47.3893
43.9713 47.3589
43.9606 47.3321
43.9655 47.2989
43.9581 47.2801
43.9074 47.2815
43.8642 47.295
43.8247 47.3093
43.8145 47.3207
43.8163 47.3571
43.7976 47.4035
43.7714 47.4309
43.7489 47.4527
43.7313 47.4698
43.7364 47.4988
43.7268 47.5282
43.7159 47.5573
43.7147 47.5954
43.7197 47.635
43.7533 47.6829
43.7954 47.711
43.7974 47.712
43.8576 47.7408
43.9746 47.7693
44.0576 47.8046
44.0418 47.8342
44.056 47.8839
44.1048 47.9118
44.1579 47.9175
44.2386 47.8809
44.3075 47.8665
44.4024 47.8699
44.4586 47.9031
44.6413 47.8699
44.7705 47.8509
44.7678 47.8129
44.7608 47.7875
44.7839 47.7775
44.8395 47.8161
44.8812 47.8139
44.9169 47.7506
44.9301 47.6819
44.913 47.6281
44.8876 47.5946
44.8462 47.5918
44.8061 47.548
44.7965 47.4993
44.7159 47.4271
44.6971 47.4245
44.6193 47.4806
44.5734 47.4907
44.4877 47.4471
44.4238 47.4291
44.3713 47.4
>name Tselinnyy rayon
>>outer OuterBoundary:
43.8619 46.2824
43.9187 46.2996
43.9688 46.3215
43.9907 46.3477
43.9757 46.3742
43.9437 46.4069
43.9234 46.4399
43.9168 46.4698
43.9239 46.4982
43.947 46.5335
43.96 46.5493
43.9347 46.5553
43.9023 46.5539
43.8437 46.5782
43.8784 46.6061
43.9384 46.6583
43.949 46.6928
43.9644 46.7192
44.0181 46.7543
44.0568 46.7762
44.0784 46.7988
44.1091 46.8268
44.1355 46.8331
44.1701 46.8242
44.2181 46.8499
44.2837 46.8957
44.291 46.9108
44.4052 46.8805
44.5303 46.8723
44.6812 46.8668
44.7781 46.8823
44.7499 46.8356
44.704 46.7603
44.9259 46.7004
44.9581 46.7395
45.0481 46.7033
45.0282 46.6199
44.9933 46.5468
44.9912 46.4868
44.9584 46.4737
44.8701 46.4632
44.8565 46.4214
44.8547 46.3509
44.8267 46.2934
44.8676 46.2751
44.861 46.2437
44.7879 46.228
44.7736 46.207
44.7273 46.152
44.6294 46.1281
44.5168 46.1144
44.4155 46.1486
44.3375 46.1563
44.2535 46.1481
44.2322 46.1774
44.2763 46.228
44.2596 46.2545
44.193 46.2994
44.1774 46.31
44.0299 46.2229
44.0102 46.231
43.9206 46.1624
43.8369 46.2179
43.8619 46.2824
>>inner InnerBoundary0:
44.3908 46.3876
44.3354 46.4007
44.1882 46.3886
44.2164 46.2877
44.3365 46.2847
44.3908 46.3876
>name Yashaltinskiy rayon
>>outer OuterBoundary:
42.1892 46.3282
42.221 46.3427
42.238 46.3604
42.2118 46.3989
42.1611 46.4372
42.121 46.479
42.0871 46.5314
42.0749 46.5592
42.0985 46.5754
42.1883 46.5543
42.2597 46.5377
42.3277 46.5136
42.3904 46.4948
42.4516 46.4728
42.4988 46.4434
42.5602 46.3959
42.6374 46.3632
42.7215 46.3448
42.7475 46.3427
42.8179 46.2993
42.8833 46.277
42.9265 46.2446
42.9379 46.2227
42.9 46.2064
42.86 46.1725
42.8442 46.1521
42.8329 46.1246
42.813 46.0918
42.7746 46.0846
42.7206 46.0811
42.6937 46.0742
42.6676 46.045
42.6123 46.0202
42.5642 45.9941
42.4816 45.9817
42.4114 45.9769
42.3284 45.9724
42.3125 45.9903
42.3207 46.0043
42.3349 46.0344
42.3387 46.0765
42.3476 46.1179
42.3097 46.1278
42.2476 46.1385
42.2219 46.1363
42.2159 46.1645
42.2038 46.1946
42.1693 46.23
42.1397 46.2351
42.1486 46.2765
42.1774 46.2931
42.1892 46.3282
>name Yashkul'skiy rayon
>>outer OuterBoundary:
45.0481 46.7033
45.0954 46.8543
45.2285 46.8497
45.2363 46.8341
45.332 46.8294
45.4124 46.8404
45.4856 46.8461
45.5589 46.8415
45.5921 46.8287
45.6218 46.808
45.7677 46.8249
45.7888 46.8564
45.8398 46.8621
45.9273 46.863
45.9608 46.8346
45.9178 46.7975
45.8784 46.7631
45.9125 46.698
45.9504 46.6144
46.0301 46.6306
46.1289 46.576
46.1937 46.6131
46.3153 46.7031
46.5178 46.693
46.529 46.6692
46.7476 46.6247
46.7552 46.5982
46.672 46.5754
46.6618 46.5253
46.6189 46.4781
46.7494 46.4609
46.7282 46.382
46.6669 46.3484
46.6309 46.3224
46.6191 46.3039
46.5334 46.2836
46.6058 46.2305
46.6346 46.204
46.6092 46.1701
46.5548 46.1101
46.5509 46.0709
46.572 46.0133
46.6312 45.9008
46.429 45.8758
46.3825 45.9046
46.3421 45.8657
46.2081 45.8686
46.158 45.9051
46.0962 45.8921
45.9723 45.8713
45.8928 45.8972
45.806 45.9231
45.7702 45.9596
45.7006 45.9254
45.6103 45.9538
45.4727 45.9637
45.3933 45.9738
45.4095 45.8201
45.2547 45.7959
45.2121 45.8166
45.2557 45.9002
45.1588 45.9702
44.9767 45.9037
44.9114 45.9453
44.8979 46.0424
44.8523 46.1313
44.7273 46.152
44.7736 46.207
44.7879 46.228
44.861 46.2437
44.8676 46.2751
44.8267 46.2934
44.8547 46.3509
44.8565 46.4214
44.8701 46.4632
44.9584 46.4737
44.9912 46.4868
44.9933 46.5468
45.0282 46.6199
45.0481 46.7033
>name Yustinskiy rayon
>>outer OuterBoundary:
47.2283 46.6608
47.2236 46.6367
47.1879 46.6112
47.1236 46.5968
47.0554 46.5851
46.998 46.523
46.9837 46.4549
46.9873 46.4154
46.9658 46.4157
46.8939 46.4115
46.7931 46.4076
46.7282 46.382
46.7494 46.4609
46.6189 46.4781
46.6618 46.5253
46.672 46.5754
46.7552 46.5982
46.7476 46.6247
46.529 46.6692
46.5178 46.693
46.3153 46.7031
46.1937 46.6131
46.1289 46.576
46.0301 46.6306
45.9504 46.6144
45.9125 46.698
45.8784 46.7631
45.9178 46.7975
45.9608 46.8346
45.9273 46.863
45.8398 46.8621
45.7888 46.8564
45.7677 46.8249
45.6218 46.808
45.5921 46.8287
45.5589 46.8415
45.4856 46.8461
45.4124 46.8404
45.332 46.8294
45.2363 46.8341
45.2285 46.8497
45.2606 46.8889
45.2747 46.915
45.2953 46.9723
45.2972 47.0372
45.3211 47.1075
45.3381 47.1621
45.355 47.2218
45.4402 47.2096
45.5029 47.2077
45.7046 47.2073
45.8393 47.2272
45.8092 47.2736
45.8882 47.337
45.8354 47.4501
45.9044 47.4796
45.9877 47.5249
46.0832 47.5743
46.1073 47.5607
46.1437 47.5305
46.1982 47.4929
46.2815 47.4508
46.3827 47.4116
46.4182 47.4281
46.4748 47.4713
46.6053 47.5768
46.6586 47.6173
46.708 47.6244
46.7305 47.6199
46.7708 47.6117
46.813 47.5862
46.8115 47.5823
46.805 47.5632
46.7777 47.5447
46.7183 47.5293
46.6483 47.5056
46.5539 47.4371
46.5332 47.405
46.5859 47.3058
46.7053 47.1629
46.8643 46.989
46.9417 46.9683
46.9716 46.9357
47.0129 46.8684
47.0567 46.8513
47.1218 46.8601
47.1619 46.8301
47.209 46.7631
47.2628 46.7224
47.2308 46.6732
47.2283 46.6608
